[2026-03-18T14:50:02.000Z] [start] 
=== CDL Iteration Cycle Started ===
[2026-03-18T14:50:02.000Z] [start] 
=== CDL Iteration Cycle Started ===
[2026-03-18T14:50:02.002Z] [execution] 🚀 Executing: error-messages
[2026-03-18T14:50:02.002Z] [execution] 🚀 Executing: error-messages
[2026-03-18T14:50:02.002Z] [info]   → Would improve error messages
[2026-03-18T14:50:02.002Z] [info]   → Would improve error messages
[2026-03-18T14:50:02.003Z] [error] ❌ Error: Cannot read properties of undefined (reading 'area')
[2026-03-18T14:50:02.003Z] [error] ❌ Error: Cannot read properties of undefined (reading 'area')
TypeError: Cannot read properties of undefined (reading 'area')
    at iterate (/root/.openclaw/workspace/projects/cdl/.scripts/iterate.cjs:287:39)
    at Object.<anonymous> (/root/.openclaw/workspace/projects/cdl/.scripts/iterate.cjs:305:17)
    at Module._compile (node:internal/modules/cjs/loader:1706:14)
    at Object..js (node:internal/modules/cjs/loader:1839:10)
    at Module.load (node:internal/modules/cjs/loader:1441:32)
    at Function._load (node:internal/modules/cjs/loader:1263:12)
    at TracingChannel.traceSync (node:diagnostics_channel:328:14)
    at wrapModuleLoad (node:internal/modules/cjs/loader:237:24)
    at Function.executeUserEntryPoint [as runMain] (node:internal/modules/run_main:171:5)
    at node:internal/main/run_main_module:36:49
TypeError: Cannot read properties of undefined (reading 'area')
    at iterate (/root/.openclaw/workspace/projects/cdl/.scripts/iterate.cjs:287:39)
    at Object.<anonymous> (/root/.openclaw/workspace/projects/cdl/.scripts/iterate.cjs:305:17)
    at Module._compile (node:internal/modules/cjs/loader:1706:14)
    at Object..js (node:internal/modules/cjs/loader:1839:10)
    at Module.load (node:internal/modules/cjs/loader:1441:32)
    at Function._load (node:internal/modules/cjs/loader:1263:12)
    at TracingChannel.traceSync (node:diagnostics_channel:328:14)
    at wrapModuleLoad (node:internal/modules/cjs/loader:237:24)
    at Function.executeUserEntryPoint [as runMain] (node:internal/modules/run_main:171:5)
    at node:internal/main/run_main_module:36:49
